[13-May-2023 14:56:19 Europe/Moscow] PHP Warning:  Undefined variable $err_msg in /media/user/MoreFiles/Учеба/WA4E/PHP_JS_1/index.php on line 10
[13-May-2023 14:56:19 Europe/Moscow] PHP Stack trace:
[13-May-2023 14:56:19 Europe/Moscow] PHP   1. {main}() /media/user/MoreFiles/Учеба/WA4E/PHP_JS_1/index.php:0
[13-May-2023 15:01:39 Europe/Moscow] PHP Warning:  require_once(controller.php): Failed to open stream: No such file or directory in /media/user/MoreFiles/Учеба/WA4E/PHP_JS_1/index.php on line 6
[13-May-2023 15:01:39 Europe/Moscow] PHP Stack trace:
[13-May-2023 15:01:39 Europe/Moscow] PHP   1. {main}() /media/user/MoreFiles/Учеба/WA4E/PHP_JS_1/index.php:0
[13-May-2023 15:01:56 Europe/Moscow] PHP Fatal error:  Uncaught Error: Failed opening required 'controller.php' (include_path='.:/usr/share/php') in /media/user/MoreFiles/Учеба/WA4E/PHP_JS_1/index.php:6
Stack trace:
#0 {main}
  thrown in /media/user/MoreFiles/Учеба/WA4E/PHP_JS_1/index.php on line 6
[15-May-2023 14:14:32 Europe/Moscow] PHP Warning:  Undefined variable $err_msg in /media/user/MoreFiles/Учеба/WA4E/PHP_JS_1/login.php on line 16
[15-May-2023 14:14:32 Europe/Moscow] PHP Stack trace:
[15-May-2023 14:14:32 Europe/Moscow] PHP   1. {main}() /media/user/MoreFiles/Учеба/WA4E/PHP_JS_1/login.php:0
[15-May-2023 14:14:56 Europe/Moscow] PHP Warning:  Undefined variable $err_msg in /media/user/MoreFiles/Учеба/WA4E/PHP_JS_1/login.php on line 16
[15-May-2023 14:14:56 Europe/Moscow] PHP Stack trace:
[15-May-2023 14:14:56 Europe/Moscow] PHP   1. {main}() /media/user/MoreFiles/Учеба/WA4E/PHP_JS_1/login.php:0
[15-May-2023 14:14:58 Europe/Moscow] PHP Warning:  Undefined variable $err_msg in /media/user/MoreFiles/Учеба/WA4E/PHP_JS_1/login.php on line 16
[15-May-2023 14:14:58 Europe/Moscow] PHP Stack trace:
[15-May-2023 14:14:58 Europe/Moscow] PHP   1. {main}() /media/user/MoreFiles/Учеба/WA4E/PHP_JS_1/login.php:0
[15-May-2023 14:15:00 Europe/Moscow] PHP Warning:  Undefined variable $err_msg in /media/user/MoreFiles/Учеба/WA4E/PHP_JS_1/login.php on line 16
[15-May-2023 14:15:00 Europe/Moscow] PHP Stack trace:
[15-May-2023 14:15:00 Europe/Moscow] PHP   1. {main}() /media/user/MoreFiles/Учеба/WA4E/PHP_JS_1/login.php:0
[15-May-2023 14:15:00 Europe/Moscow] PHP Warning:  Undefined variable $err_msg in /media/user/MoreFiles/Учеба/WA4E/PHP_JS_1/login.php on line 16
[15-May-2023 14:15:00 Europe/Moscow] PHP Stack trace:
[15-May-2023 14:15:00 Europe/Moscow] PHP   1. {main}() /media/user/MoreFiles/Учеба/WA4E/PHP_JS_1/login.php:0
[15-May-2023 14:15:18 Europe/Moscow] PHP Warning:  Undefined variable $err_msg in /media/user/MoreFiles/Учеба/WA4E/PHP_JS_1/login.php on line 16
[15-May-2023 14:15:18 Europe/Moscow] PHP Stack trace:
[15-May-2023 14:15:18 Europe/Moscow] PHP   1. {main}() /media/user/MoreFiles/Учеба/WA4E/PHP_JS_1/login.php:0
[15-May-2023 14:17:23 Europe/Moscow] PHP Warning:  Undefined variable $err_msg in /media/user/MoreFiles/Учеба/WA4E/PHP_JS_1/login.php on line 16
[15-May-2023 14:17:23 Europe/Moscow] PHP Stack trace:
[15-May-2023 14:17:23 Europe/Moscow] PHP   1. {main}() /media/user/MoreFiles/Учеба/WA4E/PHP_JS_1/login.php:0
[15-May-2023 14:17:33 Europe/Moscow] PHP Warning:  Undefined variable $err_msg in /media/user/MoreFiles/Учеба/WA4E/PHP_JS_1/login.php on line 16
[15-May-2023 14:17:33 Europe/Moscow] PHP Stack trace:
[15-May-2023 14:17:33 Europe/Moscow] PHP   1. {main}() /media/user/MoreFiles/Учеба/WA4E/PHP_JS_1/login.php:0
[15-May-2023 14:17:39 Europe/Moscow] PHP Warning:  Undefined variable $err_msg in /media/user/MoreFiles/Учеба/WA4E/PHP_JS_1/login.php on line 16
[15-May-2023 14:17:39 Europe/Moscow] PHP Stack trace:
[15-May-2023 14:17:39 Europe/Moscow] PHP   1. {main}() /media/user/MoreFiles/Учеба/WA4E/PHP_JS_1/login.php:0
[15-May-2023 14:17:46 Europe/Moscow] PHP Warning:  Undefined variable $err_msg in /media/user/MoreFiles/Учеба/WA4E/PHP_JS_1/login.php on line 16
[15-May-2023 14:17:46 Europe/Moscow] PHP Stack trace:
[15-May-2023 14:17:46 Europe/Moscow] PHP   1. {main}() /media/user/MoreFiles/Учеба/WA4E/PHP_JS_1/login.php:0
[15-May-2023 14:17:48 Europe/Moscow] PHP Warning:  Undefined variable $err_msg in /media/user/MoreFiles/Учеба/WA4E/PHP_JS_1/login.php on line 16
[15-May-2023 14:17:48 Europe/Moscow] PHP Stack trace:
[15-May-2023 14:17:48 Europe/Moscow] PHP   1. {main}() /media/user/MoreFiles/Учеба/WA4E/PHP_JS_1/login.php:0
[15-May-2023 14:17:54 Europe/Moscow] PHP Warning:  Undefined variable $err_msg in /media/user/MoreFiles/Учеба/WA4E/PHP_JS_1/login.php on line 16
[15-May-2023 14:17:54 Europe/Moscow] PHP Stack trace:
[15-May-2023 14:17:54 Europe/Moscow] PHP   1. {main}() /media/user/MoreFiles/Учеба/WA4E/PHP_JS_1/login.php:0
